{
  message: 'Application listening on port 5000',
  level: 'info',
  label: 'UM',
  timestamp: '2023-06-11T05:00:03.666Z'
}
{
  message: 'Application listening on port 5000',
  level: 'info',
  label: 'UM',
  timestamp: '2023-06-11T05:00:07.268Z'
}
{
  message: 'Application listening on port 5000',
  level: 'info',
  label: 'UM',
  timestamp: '2023-06-11T05:00:19.169Z'
}
{
  message: 'Application listening on port 5000',
  level: 'info',
  label: 'UM',
  timestamp: '2023-06-11T05:01:23.394Z'
}
{
  message: 'Application listening on port 5000',
  level: 'info',
  label: 'UM',
  timestamp: '2023-06-11T05:01:30.913Z'
}
{
  message: 'Application listening on port 5000',
  level: 'info',
  label: 'UM',
  timestamp: '2023-06-11T05:01:35.970Z'
}
{
  message: 'Application listening on port 5000',
  level: 'info',
  label: 'UM',
  timestamp: '2023-06-11T05:02:38.597Z'
}
{
  message: 'Application listening on port 5000',
  level: 'info',
  label: 'UM',
  timestamp: '2023-06-11T05:06:48.674Z'
}
{
  message: 'Application listening on port 5000',
  level: 'info',
  label: 'UM',
  timestamp: '2023-06-11T05:07:38.484Z'
}
{
  message: 'Application listening on port 5000',
  level: 'info',
  label: 'UM',
  timestamp: '2023-06-11T05:07:42.203Z'
}
{
  message: 'Application listening on port 5000',
  level: 'info',
  label: 'UM',
  timestamp: '2023-06-11T05:07:47.299Z'
}
{
  message: 'Application listening on port 5000',
  level: 'info',
  label: 'UM',
  timestamp: '2023-06-11T05:09:23.472Z'
}
{
  message: 'Application listening on port 5000',
  level: 'info',
  label: 'UM',
  timestamp: '2023-06-11T05:09:30.519Z'
}
{
  message: 'Application listening on port 5000',
  level: 'info',
  label: 'UM',
  timestamp: '2023-06-11T05:09:34.180Z'
}
{
  message: 'Application listening on port 5000',
  level: 'info',
  label: 'UM',
  timestamp: '2023-06-11T05:09:49.118Z'
}
{
  message: 'Application listening on port 5000',
  level: 'info',
  label: 'UM',
  timestamp: '2023-06-11T05:09:51.427Z'
}
{
  message: 'Application listening on port 5000',
  level: 'info',
  label: 'UM',
  timestamp: '2023-06-11T05:09:54.154Z'
}
{
  message: 'Application listening on port 5000',
  level: 'info',
  label: 'UM',
  timestamp: '2023-06-11T05:10:36.312Z'
}
{
  message: 'Application listening on port 5000',
  level: 'info',
  label: 'UM',
  timestamp: '2023-06-11T05:10:48.819Z'
}
{
  message: 'Application listening on port 5000',
  level: 'info',
  label: 'UM',
  timestamp: '2023-06-11T05:10:56.857Z'
}
{
  message: 'Application listening on port 5000',
  level: 'info',
  label: 'UM',
  timestamp: '2023-06-11T05:12:19.883Z'
}
{
  message: 'Application listening on port 5000',
  level: 'info',
  label: 'UM',
  timestamp: '2023-06-11T05:12:26.704Z'
}
{
  message: 'Application listening on port 5000',
  level: 'info',
  label: 'UM',
  timestamp: '2023-06-11T05:12:39.256Z'
}
{
  message: 'Application listening on port 5000',
  level: 'info',
  label: 'UM',
  timestamp: '2023-06-11T05:12:42.131Z'
}
{
  message: 'Application listening on port 5000',
  level: 'info',
  label: 'UM',
  timestamp: '2023-06-11T05:13:03.411Z'
}
